<?xml version="1.0" encoding="UTF-8"?>
<!-- Generated by org.testng.reporters.JUnitReportReporter -->
<testsuite hostname="IN-39RM2J3" failures="0" tests="7" name="com.nagarro.SeleniumJava.tests.Test01_HomePage" time="337.148" errors="0" timestamp="2023-01-09T20:02:38 IST" skipped="1">
  <testcase classname="com.nagarro.SeleniumJava.tests.Test01_HomePage" name="verifyHomePageTitleTest" time="47.264"/>
  <system-out/>
  <testcase classname="com.nagarro.SeleniumJava.tests.Test01_HomePage" name="verifyFlipkartLogoTest" time="47.759"/>
  <system-out/>
  <testcase classname="com.nagarro.SeleniumJava.tests.Test01_HomePage" name="verifyLoginTabTest" time="45.954"/>
  <system-out/>
  <testcase classname="com.nagarro.SeleniumJava.tests.Test01_HomePage" name="verifyBecomeASellerTabTest" time="54.498"/>
  <system-out/>
  <testcase classname="com.nagarro.SeleniumJava.tests.Test01_HomePage" name="verifySearchProductTest" time="49.822"/>
  <system-out/>
  <testcase classname="com.nagarro.SeleniumJava.tests.Test01_HomePage" name="ClickNextSlide" time="46.289"/>
  <system-out/>
  <testcase classname="com.nagarro.SeleniumJava.tests.Test01_HomePage" name="ClickBackSlide" time="45.562">
    <skipped/>
  </testcase> <!-- ClickBackSlide -->
  <system-out/>
</testsuite> <!-- com.nagarro.SeleniumJava.tests.Test01_HomePage -->
