<?xml version="1.0" encoding="UTF-8"?>
<!-- Generated by org.testng.reporters.JUnitReportReporter -->
<testsuite hostname="IN-39RM2J3" failures="0" tests="2" name="com.nagarro.SeleniumJava.tests.Test03_ProductPage" time="110.227" errors="0" timestamp="2023-01-09T20:02:38 IST" skipped="0">
  <testcase classname="com.nagarro.SeleniumJava.tests.Test03_ProductPage" name="productSearch" time="49.635"/>
  <system-out/>
  <testcase classname="com.nagarro.SeleniumJava.tests.Test03_ProductPage" name="productAddToCart" time="60.592"/>
  <system-out/>
</testsuite> <!-- com.nagarro.SeleniumJava.tests.Test03_ProductPage -->
