<?xml version="1.0" encoding="UTF-8"?>
<!-- Generated by org.testng.reporters.JUnitReportReporter -->
<testsuite hostname="IN-39RM2J3" failures="0" tests="1" name="com.nagarro.SeleniumJava.tests.Test02_RegisterPage" time="50.706" errors="0" timestamp="2023-01-09T20:02:38 IST" skipped="0">
  <testcase classname="com.nagarro.SeleniumJava.tests.Test02_RegisterPage" name="CreateNewuser" time="50.706"/>
  <system-out/>
</testsuite> <!-- com.nagarro.SeleniumJava.tests.Test02_RegisterPage -->
