<?xml version="1.0" encoding="UTF-8"?>
<!-- Generated by org.testng.reporters.JUnitReportReporter -->
<testsuite hostname="IN-39RM2J3" failures="0" tests="1" name="com.nagarro.SeleniumJava.tests.Test02_RegisterPage" time="29.189" errors="0" timestamp="09 Jan 2023 15:00:19 GMT" skipped="0">
  <testcase classname="com.nagarro.SeleniumJava.tests.Test02_RegisterPage" name="CreateNewuser" time="29.189"/>
</testsuite> <!-- com.nagarro.SeleniumJava.tests.Test02_RegisterPage -->
